Сборка начата 25.05.2016 10:05:03.
     1>Проект "C:\Влад\учеба\1 семестр\ОАиП\1 семестр\visual studio\проги\laba 4\sick\laba 14_meny\ConsoleApplication6\ConsoleApplication6.vcxproj" в узле 2 (целевые объекты Build).
     1>ClCompile:
         C:\Program Files (x86)\Microsoft Visual Studio 14.0\VC\bin\CL.exe /c /ZI /nologo /W3 /WX- /sdl /Od /Oy- /D WIN32 /D _DEBUG /D _CONSOLE /D _UNICODE /D UNICODE /Gm /EHsc /RTC1 /MDd /GS /fp:precise /Zc:wchar_t /Zc:forScope /Zc:inline /Fo"Debug\\" /Fd"Debug\vc140.pdb" /Gd /TP /analyze- /errorReport:prompt Source.cpp
         Source.cpp
     1>c:\влад\учеба\1 семестр\оаип\1 семестр\visual studio\проги\laba 4\sick\laba 14_meny\consoleapplication6\source.cpp(68): warning C4244: =: преобразование "int" в "float", возможна потеря данных
     1>c:\влад\учеба\1 семестр\оаип\1 семестр\visual studio\проги\laba 4\sick\laba 14_meny\consoleapplication6\source.cpp(72): warning C4244: =: преобразование "int" в "float", возможна потеря данных
     1>c:\влад\учеба\1 семестр\оаип\1 семестр\visual studio\проги\laba 4\sick\laba 14_meny\consoleapplication6\source.cpp(128): warning C4101: m: неиспользованная локальная переменная
     1>c:\влад\учеба\1 семестр\оаип\1 семестр\visual studio\проги\laba 4\sick\laba 14_meny\consoleapplication6\source.cpp(126): warning C4101: S: неиспользованная локальная переменная
     1>c:\влад\учеба\1 семестр\оаип\1 семестр\visual studio\проги\laba 4\sick\laba 14_meny\consoleapplication6\source.cpp(128): warning C4101: j: неиспользованная локальная переменная
     1>c:\влад\учеба\1 семестр\оаип\1 семестр\visual studio\проги\laba 4\sick\laba 14_meny\consoleapplication6\source.cpp(193): warning C4305: =: усечение из "__int64" к "int"
     1>c:\влад\учеба\1 семестр\оаип\1 семестр\visual studio\проги\laba 4\sick\laba 14_meny\consoleapplication6\source.cpp(193): warning C4309: =: усечение константного значения
     1>c:\влад\учеба\1 семестр\оаип\1 семестр\visual studio\проги\laba 4\sick\laba 14_meny\consoleapplication6\source.cpp(216): warning C4101: sr: неиспользованная локальная переменная
     1>c:\влад\учеба\1 семестр\оаип\1 семестр\visual studio\проги\laba 4\sick\laba 14_meny\consoleapplication6\source.cpp(216): warning C4101: el: неиспользованная локальная переменная
       Link:
         C:\Program Files (x86)\Microsoft Visual Studio 14.0\VC\bin\link.exe /ERRORREPORT:PROMPT /OUT:"C:\Влад\учеба\1 семестр\ОАиП\1 семестр\visual studio\проги\laba 4\sick\laba 14_meny\Debug\ConsoleApplication6.exe" /INCREMENTAL /NOLOGO kernel32.lib user32.lib gdi32.lib winspool.lib comdlg32.lib advapi32.lib shell32.lib ole32.lib oleaut32.lib uuid.lib odbc32.lib odbccp32.lib /MANIFEST /MANIFESTUAC:"level='asInvoker' uiAccess='false'" /manifest:embed /Debug /PDB:"C:\Влад\учеба\1 семестр\ОАиП\1 семестр\visual studio\проги\laba 4\sick\laba 14_meny\Debug\ConsoleApplication6.pdb" /SUBSYSTEM:CONSOLE /TLBID:1 /DYNAMICBASE /NXCOMPAT /IMPLIB:"C:\Влад\учеба\1 семестр\ОАиП\1 семестр\visual studio\проги\laba 4\sick\laba 14_meny\Debug\ConsoleApplication6.lib" /MACHINE:X86 Debug\Source.obj
         ConsoleApplication6.vcxproj -> C:\Влад\учеба\1 семестр\ОАиП\1 семестр\visual studio\проги\laba 4\sick\laba 14_meny\Debug\ConsoleApplication6.exe
     1>Сборка проекта "C:\Влад\учеба\1 семестр\ОАиП\1 семестр\visual studio\проги\laba 4\sick\laba 14_meny\ConsoleApplication6\ConsoleApplication6.vcxproj" завершена (целевые объекты Build).

Сборка успешно завершена.

Затраченное время: 00:00:04.03
